<?xml version="1.0" encoding="UTF-8"?>
<!-- Generated by org.testng.reporters.JUnitReportReporter -->
<testsuite skipped="0" hostname="GINALLAP-LAP" name="com.GirishContractsADFAutomation.TestCases.TC_01_LoginTest" tests="1" failures="0" timestamp="19 Mar 2019 09:43:21 GMT" time="5.743" errors="0">
  <testcase name="loginTest" time="5.743" classname="com.GirishContractsADFAutomation.TestCases.TC_01_LoginTest"/>
</testsuite> <!-- com.GirishContractsADFAutomation.TestCases.TC_01_LoginTest -->
